0 info it worked if it ends with ok
1 verbose cli [ '/usr/bin/nodejs', '/usr/bin/npm', 'run', 'start' ]
2 info using npm@3.10.8
3 info using node@v4.5.0
4 verbose run-script [ 'prestart', 'start', 'poststart' ]
5 info lifecycle gh-battle@1.0.0~prestart: gh-battle@1.0.0
6 silly lifecycle gh-battle@1.0.0~prestart: no script for prestart, continuing
7 info lifecycle gh-battle@1.0.0~start: gh-battle@1.0.0
8 verbose lifecycle gh-battle@1.0.0~start: unsafe-perm in lifecycle true
9 verbose lifecycle gh-battle@1.0.0~start: PATH: /usr/lib/node_modules/npm/bin/node-gyp-bin:/home/max/Projects/npm_test/node_modules/.bin:/usr/local/heroku/bin:/home/max/.rbenv/plugins/ruby-build/bin:/home/max/.rbenv/shims:/home/max/.rbenv/bin:/usr/local/sbin:/usr/local/bin:/usr/sbin:/usr/bin:/sbin:/bin:/usr/games:/usr/local/games:/snap/bin:/home/max/.rvm/bin:/home/max/.rvm/bin
10 verbose lifecycle gh-battle@1.0.0~start: CWD: /home/max/Projects/npm_test
11 silly lifecycle gh-battle@1.0.0~start: Args: [ '-c',
11 silly lifecycle   'webpack-dev-server --content-base ./ --port 9966 --hot' ]
12 silly lifecycle gh-battle@1.0.0~start: Returned: code: 1  signal: null
13 info lifecycle gh-battle@1.0.0~start: Failed to exec start script
14 verbose stack Error: gh-battle@1.0.0 start: `webpack-dev-server --content-base ./ --port 9966 --hot`
14 verbose stack Exit status 1
14 verbose stack     at EventEmitter.<anonymous> (/usr/lib/node_modules/npm/lib/utils/lifecycle.js:255:16)
14 verbose stack     at emitTwo (events.js:87:13)
14 verbose stack     at EventEmitter.emit (events.js:172:7)
14 verbose stack     at ChildProcess.<anonymous> (/usr/lib/node_modules/npm/lib/utils/spawn.js:40:14)
14 verbose stack     at emitTwo (events.js:87:13)
14 verbose stack     at ChildProcess.emit (events.js:172:7)
14 verbose stack     at maybeClose (internal/child_process.js:829:16)
14 verbose stack     at Process.ChildProcess._handle.onexit (internal/child_process.js:211:5)
15 verbose pkgid gh-battle@1.0.0
16 verbose cwd /home/max/Projects/npm_test
17 error Linux 4.4.0-38-generic
18 error argv "/usr/bin/nodejs" "/usr/bin/npm" "run" "start"
19 error node v4.5.0
20 error npm  v3.10.8
21 error code ELIFECYCLE
22 error gh-battle@1.0.0 start: `webpack-dev-server --content-base ./ --port 9966 --hot`
22 error Exit status 1
23 error Failed at the gh-battle@1.0.0 start script 'webpack-dev-server --content-base ./ --port 9966 --hot'.
23 error Make sure you have the latest version of node.js and npm installed.
23 error If you do, this is most likely a problem with the gh-battle package,
23 error not with npm itself.
23 error Tell the author that this fails on your system:
23 error     webpack-dev-server --content-base ./ --port 9966 --hot
23 error You can get information on how to open an issue for this project with:
23 error     npm bugs gh-battle
23 error Or if that isn't available, you can get their info via:
23 error     npm owner ls gh-battle
23 error There is likely additional logging output above.
24 verbose exit [ 1, true ]
